Arguments: 
  /opt/homebrew/Cellar/node/19.5.0/bin/node /opt/homebrew/bin/yarn init

PATH: 
  /opt/homebrew/opt/python@3.9/bin:/Users/kimjaehan/opt/anaconda3/condabin:/Users/username/anaconda/bin:/Users/kimjaehan/bin:/usr/local/bin:/Library/Frameworks/Python.framework/Versions/3.10/bin:/opt/homebrew/bin:/opt/homebrew/sbin:/usr/local/bin:/usr/bin:/bin:/usr/sbin:/sbin:/Users/kimjaehan/Library/Application Support/JetBrains/Toolbox/scripts

Yarn version: 
  1.22.19

Node version: 
  19.5.0

Platform: 
  darwin arm64

Trace: 
  Error: canceled
      at Interface.<anonymous> (/opt/homebrew/lib/node_modules/yarn/lib/cli.js:137150:13)
      at Interface.emit (node:events:512:28)
      at [_ttyWrite] [as _ttyWrite] (node:internal/readline/interface:1131:18)
      at ReadStream.onkeypress (node:internal/readline/interface:271:20)
      at ReadStream.emit (node:events:512:28)
      at emitKeys (node:internal/readline/utils:357:14)
      at emitKeys.next (<anonymous>)
      at ReadStream.onData (node:internal/readline/emitKeypressEvents:64:36)
      at ReadStream.emit (node:events:512:28)
      at addChunk (node:internal/streams/readable:324:12)

npm manifest: 
  {
    "name": "client",
    "version": "1.0.0",
    "description": "",
    "main": "index.js",
    "scripts": {
      "start": "next",
      "test": "echo \"Error: no test specified\" && exit 1"
    },
    "author": "",
    "license": "ISC",
    "dependencies": {
      "axios": "^1.3.4",
      "next": "^13.2.4",
      "query": "^0.2.0",
      "react": "^18.2.0",
      "react-dom": "^18.2.0",
      "sass": "^1.58.3"
    },
    "devDependencies": {
      "@types/node": "18.15.0",
      "@types/react": "18.0.28",
      "typescript": "4.9.5"
    }
  }

yarn manifest: 
  No manifest

Lockfile: 
  No lockfile
